Build started 06.10.2011 20:51:44.
     1>Project "C:\data\code\projects\sdl\sidescroller\sidescroller\sidescroller.vcxproj" on node 2 (build target(s)).
     1>InitializeBuildStatus:
         Touching "Debug\sidescroller.unsuccessfulbuild".
       ClCompile:
         c:\Program Files (x86)\Microsoft Visual Studio 10.0\VC\bin\CL.exe /c /ZI /nologo /W3 /WX- /Od /Oy- /D _MBCS /Gm /EHsc /RTC1 /MD /GS /fp:precise /Zc:wchar_t /Zc:forScope /Fo"Debug\\" /Fd"Debug\vc100.pdb" /Gd /TP /analyze- /errorReport:prompt game.cpp
         game.cpp
     1>c:\data\code\projects\sdl\sidescroller\sidescroller\game.cpp(119): warning C4018: '>' : signed/unsigned mismatch
     1>c:\data\code\projects\sdl\sidescroller\sidescroller\game.cpp(122): warning C4018: '<' : signed/unsigned mismatch
       Link:
         c:\Program Files (x86)\Microsoft Visual Studio 10.0\VC\bin\link.exe /ERRORREPORT:PROMPT /OUT:"C:\data\code\projects\sdl\sidescroller\Debug\sidescroller.exe" /NOLOGO SDL.lib SDLmain.lib kernel32.lib user32.lib gdi32.lib winspool.lib comdlg32.lib advapi32.lib shell32.lib ole32.lib oleaut32.lib uuid.lib odbc32.lib odbccp32.lib /MANIFEST /ManifestFile:"Debug\sidescroller.exe.intermediate.manifest" /MANIFESTUAC:"level='asInvoker' uiAccess='false'" /DEBUG /PDB:"C:\data\code\projects\sdl\sidescroller\Debug\sidescroller.pdb" /SUBSYSTEM:WINDOWS /TLBID:1 /DYNAMICBASE /NXCOMPAT /IMPLIB:"C:\data\code\projects\sdl\sidescroller\Debug\sidescroller.lib" /MACHINE:X86 Debug\base.obj
         Debug\main.obj
         Debug\game.obj
         Debug\player.obj
         LINK : C:\data\code\projects\sdl\sidescroller\Debug\sidescroller.exe not found or not built by the last incremental link; performing full link
         sidescroller.vcxproj -> C:\data\code\projects\sdl\sidescroller\Debug\sidescroller.exe
       Manifest:
         C:\Program Files (x86)\Microsoft SDKs\Windows\v7.0A\bin\mt.exe /nologo /verbose /outputresource:"C:\data\code\projects\sdl\sidescroller\Debug\sidescroller.exe;#1" /manifest Debug\sidescroller.exe.intermediate.manifest
       FinalizeBuildStatus:
         Deleting file "Debug\sidescroller.unsuccessfulbuild".
         Touching "Debug\sidescroller.lastbuildstate".
     1>Done Building Project "C:\data\code\projects\sdl\sidescroller\sidescroller\sidescroller.vcxproj" (build target(s)).

Build succeeded.

Time Elapsed 00:00:00.95
